{"level":"http","message":"HTTP GET /","service":"user-service","timestamp":"25-08-2024 12:35:31"}
{"level":"http","message":"HTTP GET /user/1","service":"user-service","timestamp":"25-08-2024 12:36:08"}
{"level":"http","message":"HTTP GET /users/1","service":"user-service","timestamp":"25-08-2024 12:36:43"}
{"level":"http","message":"HTTP GET /admin/stats","service":"user-service","timestamp":"25-08-2024 12:37:15"}
{"level":"http","message":"HTTP GET /","service":"user-service","timestamp":"25-08-2024 12:37:26"}
{"level":"http","message":"HTTP GET /","service":"user-service","timestamp":"25-08-2024 12:37:27"}
{"level":"http","message":"HTTP GET /","service":"user-service","timestamp":"25-08-2024 12:37:28"}
{"level":"http","message":"HTTP GET /","service":"user-service","timestamp":"25-08-2024 12:37:29"}
{"level":"http","message":"HTTP GET /","service":"user-service","timestamp":"25-08-2024 12:37:30"}
{"level":"http","message":"HTTP GET /admin/stats","service":"user-service","timestamp":"25-08-2024 12:37:34"}
{"level":"http","message":"HTTP POST /user","service":"user-service","timestamp":"25-08-2024 12:38:26"}
{"level":"http","message":"HTTP DELETE /user/31","service":"user-service","timestamp":"25-08-2024 12:38:39"}
{"level":"http","message":"HTTP DELETE /admin/stats","service":"user-service","timestamp":"25-08-2024 12:38:56"}
{"level":"http","message":"HTTP GET /admin/stats","service":"user-service","timestamp":"25-08-2024 12:39:03"}
{"level":"http","message":"HTTP DELETE /user/31","service":"user-service","timestamp":"25-08-2024 12:39:26"}
{"level":"error","message":"Error\n    at C:\\Users\\Admin\\OneDrive\\Documents\\Blog\\blog-back\\controllers\\User.js:128:27\n    at Generator.throw (<anonymous>)\n    at rejected (C:\\Users\\Admin\\OneDrive\\Documents\\Blog\\blog-back\\controllers\\User.js:6:65)","service":"user-service","timestamp":"25-08-2024 12:39:26"}
{"level":"http","message":"HTTP GET /admin/stats","service":"user-service","timestamp":"25-08-2024 12:40:52"}
{"level":"http","message":"HTTP GET /admin/stats","service":"user-service","timestamp":"25-08-2024 12:41:00"}
{"level":"http","message":"HTTP GET /","service":"user-service","timestamp":"03-09-2024 11:17:20"}
{"level":"http","message":"HTTP GET /favicon.ico","service":"user-service","timestamp":"03-09-2024 11:17:20"}
{"level":"http","message":"HTTP GET /admin/stats","service":"user-service","timestamp":"03-09-2024 11:18:11"}
{"level":"http","message":"HTTP GET /","service":"user-service","timestamp":"03-09-2024 11:18:17"}
{"level":"http","message":"HTTP GET /","service":"user-service","timestamp":"03-09-2024 11:18:18"}
{"level":"http","message":"HTTP GET /","service":"user-service","timestamp":"03-09-2024 11:18:19"}
{"level":"http","message":"HTTP GET /admin/stats","service":"user-service","timestamp":"03-09-2024 11:18:21"}
{"level":"http","message":"HTTP POST /user","service":"user-service","timestamp":"03-09-2024 11:18:47"}
{"level":"http","message":"HTTP DELETE /user/32","service":"user-service","timestamp":"03-09-2024 11:19:10"}
{"level":"http","message":"HTTP DELETE /admin/stats","service":"user-service","timestamp":"03-09-2024 11:19:17"}
{"level":"http","message":"HTTP GET /admin/stats","service":"user-service","timestamp":"03-09-2024 11:19:23"}
{"level":"http","message":"HTTP GET /","service":"user-service","timestamp":"03-09-2024 11:19:30"}
